0 info it worked if it ends with ok
1 verbose cli [ '/Users/Fran_Lucena/.nvm/versions/node/v4.4.7/bin/node',
1 verbose cli   '/Users/Fran_Lucena/.nvm/versions/node/v4.4.7/bin/npm',
1 verbose cli   'run',
1 verbose cli   'installDB' ]
2 info using npm@3.10.8
3 info using node@v4.4.7
4 verbose run-script [ 'preinstallDB', 'installDB', 'postinstallDB' ]
5 info lifecycle nodepop@0.0.1~preinstallDB: nodepop@0.0.1
6 silly lifecycle nodepop@0.0.1~preinstallDB: no script for preinstallDB, continuing
7 info lifecycle nodepop@0.0.1~installDB: nodepop@0.0.1
8 verbose lifecycle nodepop@0.0.1~installDB: unsafe-perm in lifecycle true
9 verbose lifecycle nodepop@0.0.1~installDB: PATH: /Users/Fran_Lucena/.nvm/versions/node/v4.4.7/lib/node_modules/npm/bin/node-gyp-bin:/Users/Fran_Lucena/Desktop/MASTER KEEPCODING/Node.js, javascript, mongo.db/nodepop/node_modules/.bin:/Users/Fran_Lucena/.nvm/versions/node/v4.4.7/bin:/usr/local/bin:/usr/bin:/bin:/usr/sbin:/sbin
10 verbose lifecycle nodepop@0.0.1~installDB: CWD: /Users/Fran_Lucena/Desktop/MASTER KEEPCODING/Node.js, javascript, mongo.db/nodepop
11 silly lifecycle nodepop@0.0.1~installDB: Args: [ '-c', 'node ./scripts/install_db.js' ]
12 silly lifecycle nodepop@0.0.1~installDB: Returned: code: 1  signal: null
13 info lifecycle nodepop@0.0.1~installDB: Failed to exec installDB script
14 verbose stack Error: nodepop@0.0.1 installDB: `node ./scripts/install_db.js`
14 verbose stack Exit status 1
14 verbose stack     at EventEmitter.<anonymous> (/Users/Fran_Lucena/.nvm/versions/node/v4.4.7/lib/node_modules/npm/lib/utils/lifecycle.js:255:16)
14 verbose stack     at emitTwo (events.js:87:13)
14 verbose stack     at EventEmitter.emit (events.js:172:7)
14 verbose stack     at ChildProcess.<anonymous> (/Users/Fran_Lucena/.nvm/versions/node/v4.4.7/lib/node_modules/npm/lib/utils/spawn.js:40:14)
14 verbose stack     at emitTwo (events.js:87:13)
14 verbose stack     at ChildProcess.emit (events.js:172:7)
14 verbose stack     at maybeClose (internal/child_process.js:827:16)
14 verbose stack     at Process.ChildProcess._handle.onexit (internal/child_process.js:211:5)
15 verbose pkgid nodepop@0.0.1
16 verbose cwd /Users/Fran_Lucena/Desktop/MASTER KEEPCODING/Node.js, javascript, mongo.db/nodepop
17 error Darwin 16.1.0
18 error argv "/Users/Fran_Lucena/.nvm/versions/node/v4.4.7/bin/node" "/Users/Fran_Lucena/.nvm/versions/node/v4.4.7/bin/npm" "run" "installDB"
19 error node v4.4.7
20 error npm  v3.10.8
21 error code ELIFECYCLE
22 error nodepop@0.0.1 installDB: `node ./scripts/install_db.js`
22 error Exit status 1
23 error Failed at the nodepop@0.0.1 installDB script 'node ./scripts/install_db.js'.
23 error Make sure you have the latest version of node.js and npm installed.
23 error If you do, this is most likely a problem with the nodepop package,
23 error not with npm itself.
23 error Tell the author that this fails on your system:
23 error     node ./scripts/install_db.js
23 error You can get information on how to open an issue for this project with:
23 error     npm bugs nodepop
23 error Or if that isn't available, you can get their info via:
23 error     npm owner ls nodepop
23 error There is likely additional logging output above.
24 verbose exit [ 1, true ]
